0 info it worked if it ends with ok
1 verbose cli [ '/usr/bin/nodejs', '/usr/bin/npm', 'install', '-g', 'cordova' ]
2 info using npm@1.3.10
3 info using node@v0.10.25
4 verbose cache add [ 'cordova', null ]
5 verbose cache add name=undefined spec="cordova" args=["cordova",null]
6 verbose parsed url { protocol: null,
6 verbose parsed url   slashes: null,
6 verbose parsed url   auth: null,
6 verbose parsed url   host: null,
6 verbose parsed url   port: null,
6 verbose parsed url   hostname: null,
6 verbose parsed url   hash: null,
6 verbose parsed url   search: null,
6 verbose parsed url   query: null,
6 verbose parsed url   pathname: 'cordova',
6 verbose parsed url   path: 'cordova',
6 verbose parsed url   href: 'cordova' }
7 silly lockFile a98f2055-cordova cordova
8 verbose lock cordova /home/massilva/.npm/a98f2055-cordova.lock
9 silly lockFile a98f2055-cordova cordova
10 silly lockFile a98f2055-cordova cordova
11 verbose addNamed [ 'cordova', '' ]
12 verbose addNamed [ null, '*' ]
13 silly lockFile de8d9fad-cordova cordova@
14 verbose lock cordova@ /home/massilva/.npm/de8d9fad-cordova.lock
15 silly addNameRange { name: 'cordova', range: '*', hasData: false }
16 verbose url raw cordova
17 verbose url resolving [ 'https://registry.npmjs.org/', './cordova' ]
18 verbose url resolved https://registry.npmjs.org/cordova
19 info trying registry request attempt 1 at 22:21:16
20 http GET https://registry.npmjs.org/cordova
21 http 200 https://registry.npmjs.org/cordova
22 silly registry.get cb [ 200,
22 silly registry.get   { date: 'Fri, 20 Mar 2015 01:21:19 GMT',
22 silly registry.get     server: 'CouchDB/1.5.0 (Erlang OTP/R16B03)',
22 silly registry.get     etag: '"8JBZWOK26MU882W6KC0QA7GM2"',
22 silly registry.get     'content-type': 'application/json',
22 silly registry.get     'cache-control': 'max-age=60',
22 silly registry.get     'content-length': '340434',
22 silly registry.get     'accept-ranges': 'bytes',
22 silly registry.get     via: '1.1 varnish',
22 silly registry.get     age: '0',
22 silly registry.get     'x-served-by': 'cache-jfk1027-JFK',
22 silly registry.get     'x-cache': 'HIT',
22 silly registry.get     'x-cache-hits': '1',
22 silly registry.get     'x-timer': 'S1426814479.515496,VS0,VE95',
22 silly registry.get     vary: 'Accept',
22 silly registry.get     'keep-alive': 'timeout=10, max=50',
22 silly registry.get     connection: 'Keep-Alive' } ]
23 silly addNameRange number 2 { name: 'cordova', range: '*', hasData: true }
24 silly addNameRange versions [ 'cordova',
24 silly addNameRange   [ '0.0.1',
24 silly addNameRange     '0.0.2',
24 silly addNameRange     '0.0.3',
24 silly addNameRange     '0.0.4',
24 silly addNameRange     '0.0.5',
24 silly addNameRange     '0.0.6',
24 silly addNameRange     '0.0.7',
24 silly addNameRange     '0.0.8',
24 silly addNameRange     '0.0.9',
24 silly addNameRange     '0.1.0',
24 silly addNameRange     '0.1.1',
24 silly addNameRange     '0.1.2',
24 silly addNameRange     '0.1.3',
24 silly addNameRange     '0.1.4',
24 silly addNameRange     '0.1.5',
24 silly addNameRange     '0.1.6',
24 silly addNameRange     '0.1.7',
24 silly addNameRange     '0.1.8',
24 silly addNameRange     '0.1.9',
24 silly addNameRange     '0.1.10',
24 silly addNameRange     '0.1.11',
24 silly addNameRange     '0.1.12',
24 silly addNameRange     '0.1.13',
24 silly addNameRange     '0.1.14',
24 silly addNameRange     '2.2.0',
24 silly addNameRange     '2.3.0',
24 silly addNameRange     '2.3.1',
24 silly addNameRange     '2.3.2',
24 silly addNameRange     '2.3.3',
24 silly addNameRange     '2.3.5',
24 silly addNameRange     '2.3.6',
24 silly addNameRange     '2.4.0',
24 silly addNameRange     '2.4.1',
24 silly addNameRange     '2.4.2',
24 silly addNameRange     '2.4.3',
24 silly addNameRange     '2.4.4',
24 silly addNameRange     '2.4.5',
24 silly addNameRange     '2.4.6',
24 silly addNameRange     '2.4.7',
24 silly addNameRange     '2.4.8',
24 silly addNameRange     '2.4.9',
24 silly addNameRange     '2.4.10',
24 silly addNameRange     '2.5.0',
24 silly addNameRange     '2.5.2',
24 silly addNameRange     '2.5.3',
24 silly addNameRange     '2.5.4',
24 silly addNameRange     '2.5.5',
24 silly addNameRange     '2.6.0',
24 silly addNameRange     '2.6.1',
24 silly addNameRange     '2.6.2',
24 silly addNameRange     '2.7.0-rc.1',
24 silly addNameRange     '2.7.1-rc.1',
24 silly addNameRange     '2.7.2',
24 silly addNameRange     '2.7.3',
24 silly addNameRange     '2.7.4',
24 silly addNameRange     '2.8.0',
24 silly addNameRange     '2.8.1',
24 silly addNameRange     '2.8.2',
24 silly addNameRange     '2.8.3',
24 silly addNameRange     '2.8.4',
24 silly addNameRange     '2.8.5',
24 silly addNameRange     '2.8.6',
24 silly addNameRange     '2.8.7',
24 silly addNameRange     '2.8.8',
24 silly addNameRange     '2.8.9',
24 silly addNameRange     '2.8.10',
24 silly addNameRange     '2.8.11',
24 silly addNameRange     '2.8.12',
24 silly addNameRange     '2.8.13',
24 silly addNameRange     '2.8.14',
24 silly addNameRange     '2.8.15',
24 silly addNameRange     '2.8.16',
24 silly addNameRange     '2.8.17',
24 silly addNameRange     '2.8.18',
24 silly addNameRange     '2.8.19',
24 silly addNameRange     '2.8.20',
24 silly addNameRange     '2.8.21',
24 silly addNameRange     '2.8.22',
24 silly addNameRange     '2.8.23',
24 silly addNameRange     '2.8.24',
24 silly addNameRange     '2.8.25',
24 silly addNameRange     '2.9.0',
24 silly addNameRange     '2.9.1',
24 silly addNameRange     '2.9.2',
24 silly addNameRange     '2.9.3',
24 silly addNameRange     '2.9.4',
24 silly addNameRange     '2.9.5',
24 silly addNameRange     '2.9.6',
24 silly addNameRange     '2.9.7',
24 silly addNameRange     '3.0.0-rc1',
24 silly addNameRange     '3.0.0-rc1-1',
24 silly addNameRange     '3.0.0-rc1-3',
24 silly addNameRange     '3.0.0',
24 silly addNameRange     '3.0.1',
24 silly addNameRange     '3.0.2',
24 silly addNameRange     '3.0.3',
24 silly addNameRange     '3.0.4',
24 silly addNameRange     '3.0.5',
24 silly addNameRange     '3.0.6',
24 silly addNameRange     '3.0.7',
24 silly addNameRange     '3.0.8',
24 silly addNameRange     '3.0.9',
24 silly addNameRange     '3.0.10',
24 silly addNameRange     '3.1.0-0.1.0',
24 silly addNameRange     '3.1.0-0.2.0',
24 silly addNameRange     '3.2.0-rc.1',
24 silly addNameRange     '3.2.0-0.1.0',
24 silly addNameRange     '3.2.0-0.2.0',
24 silly addNameRange     '3.2.0-0.3.0',
24 silly addNameRange     '3.2.0-0.4.0',
24 silly addNameRange     '3.3.0-rc.1',
24 silly addNameRange     '3.3.0-0.1.1',
24 silly addNameRange     '3.3.1-0.1.2',
24 silly addNameRange     '2.9.0-rc1',
24 silly addNameRange     '3.3.1-0.3.0',
24 silly addNameRange     '3.3.1-0.3.1',
24 silly addNameRange     '3.3.1-0.4.1',
24 silly addNameRange     '3.3.1-0.4.2',
24 silly addNameRange     '3.4.0-0.1.0',
24 silly addNameRange     '3.4.0-0.1.1',
24 silly addNameRange     '3.4.0-0.1.2',
24 silly addNameRange     '3.4.0-0.1.3',
24 silly addNameRange     '0.0.0-fake',
24 silly addNameRange     '3.4.1-0.1.0',
24 silly addNameRange     '3.5.0-0.2.0',
24 silly addNameRange     '3.5.0-0.2.1',
24 silly addNameRange     '3.5.0-0.2.2',
24 silly addNameRange     '3.5.0-0.2.3',
24 silly addNameRange     '3.5.0-0.2.4',
24 silly addNameRange     '3.5.0-0.2.6',
24 silly addNameRange     '3.5.0-0.2.7',
24 silly addNameRange     '3.6.0-0.2.8',
24 silly addNameRange     '3.6.0-0.2.9',
24 silly addNameRange     '3.6.1-0.2.10',
24 silly addNameRange     '3.6.3-0.2.11',
24 silly addNameRange     '3.6.3-0.2.12',
24 silly addNameRange     '3.6.3-0.2.13',
24 silly addNameRange     '4.0.0',
24 silly addNameRange     '4.0.1',
24 silly addNameRange     '4.1.0',
24 silly addNameRange     '4.1.1',
24 silly addNameRange     '4.1.2',
24 silly addNameRange     '4.1.3-nightly.2014.10.21',
24 silly addNameRange     '4.2.0',
24 silly addNameRange     '4.3.0' ] ]
25 verbose addNamed [ 'cordova', '4.3.0' ]
26 verbose addNamed [ '4.3.0', '4.3.0' ]
27 silly lockFile 9ec5c886-cordova-4-3-0 cordova@4.3.0
28 verbose lock cordova@4.3.0 /home/massilva/.npm/9ec5c886-cordova-4-3-0.lock
29 silly lockFile c4c2f9fa-js-org-cordova-cordova-4-3-0-tgz https://registry.npmjs.org/cordova/-/cordova-4.3.0.tgz
30 verbose lock https://registry.npmjs.org/cordova/-/cordova-4.3.0.tgz /home/massilva/.npm/c4c2f9fa-js-org-cordova-cordova-4-3-0-tgz.lock
31 verbose addRemoteTarball [ 'https://registry.npmjs.org/cordova/-/cordova-4.3.0.tgz',
31 verbose addRemoteTarball   '3386c35f454591eee58458584a6006f7bfcb3f0c' ]
32 info retry fetch attempt 1 at 22:21:24
33 verbose fetch to= /home/massilva/tmp/npm-30412-X7r9-puG/1426814484312-0.04526901780627668/tmp.tgz
34 http GET https://registry.npmjs.org/cordova/-/cordova-4.3.0.tgz
35 http 200 https://registry.npmjs.org/cordova/-/cordova-4.3.0.tgz
36 verbose tar unpack /home/massilva/tmp/npm-30412-X7r9-puG/1426814484312-0.04526901780627668/tmp.tgz
37 silly lockFile 4904b229-4312-0-04526901780627668-package tar:///home/massilva/tmp/npm-30412-X7r9-puG/1426814484312-0.04526901780627668/package
38 verbose lock tar:///home/massilva/tmp/npm-30412-X7r9-puG/1426814484312-0.04526901780627668/package /home/massilva/.npm/4904b229-4312-0-04526901780627668-package.lock
39 silly lockFile 9dea3615-4312-0-04526901780627668-tmp-tgz tar:///home/massilva/tmp/npm-30412-X7r9-puG/1426814484312-0.04526901780627668/tmp.tgz
40 verbose lock tar:///home/massilva/tmp/npm-30412-X7r9-puG/1426814484312-0.04526901780627668/tmp.tgz /home/massilva/.npm/9dea3615-4312-0-04526901780627668-tmp-tgz.lock
41 silly gunzTarPerm modes [ '755', '644' ]
42 silly gunzTarPerm extractEntry package.json
43 silly gunzTarPerm extractEntry .npmignore
44 silly gunzTarPerm extractEntry README.md
45 silly gunzTarPerm extractEntry LICENSE
46 silly gunzTarPerm extractEntry Gruntfile.js
47 silly gunzTarPerm extractEntry cordova.js
48 silly gunzTarPerm extractEntry src/cli.js
49 silly gunzTarPerm extractEntry src/create.js
50 silly gunzTarPerm extractEntry src/help.js
51 silly gunzTarPerm extractEntry RELEASENOTES.md
52 silly gunzTarPerm extractEntry .travis.yml
53 silly gunzTarPerm extractEntry bin/cordova
54 silly gunzTarPerm extractEntry bin/cordova.cmd
55 silly gunzTarPerm extractEntry CONTRIBUTING.md
56 silly gunzTarPerm extractEntry doc/it/bash.md
57 silly gunzTarPerm extractEntry doc/bash.md
58 silly gunzTarPerm extractEntry doc/compile.txt
59 silly gunzTarPerm extractEntry doc/cordova.txt
60 silly gunzTarPerm extractEntry doc/create.txt
61 silly gunzTarPerm extractEntry doc/de/bash.md
62 silly gunzTarPerm extractEntry doc/emulate.txt
63 silly gunzTarPerm extractEntry doc/es/bash.md
64 silly gunzTarPerm extractEntry doc/fr/bash.md
65 silly gunzTarPerm extractEntry doc/help.txt
66 silly gunzTarPerm extractEntry doc/info.txt
67 silly gunzTarPerm extractEntry doc/build.txt
68 silly gunzTarPerm extractEntry doc/ja/bash.md
69 silly gunzTarPerm extractEntry doc/ko/bash.md
70 silly gunzTarPerm extractEntry doc/pl/bash.md
71 silly gunzTarPerm extractEntry doc/platform.txt
72 silly gunzTarPerm extractEntry doc/plugin.txt
73 silly gunzTarPerm extractEntry doc/prepare.txt
74 silly gunzTarPerm extractEntry doc/ru/bash.md
75 silly gunzTarPerm extractEntry doc/run.txt
76 silly gunzTarPerm extractEntry doc/serve.txt
77 silly gunzTarPerm extractEntry doc/zh/bash.md
78 silly gunzTarPerm extractEntry scripts/cordova.completion
79 silly gunzTarPerm extractEntry NOTICE
80 silly gunzTarPerm extractEntry appveyor.yml
81 silly lockFile 4904b229-4312-0-04526901780627668-package tar:///home/massilva/tmp/npm-30412-X7r9-puG/1426814484312-0.04526901780627668/package
82 silly lockFile 4904b229-4312-0-04526901780627668-package tar:///home/massilva/tmp/npm-30412-X7r9-puG/1426814484312-0.04526901780627668/package
83 silly lockFile 9dea3615-4312-0-04526901780627668-tmp-tgz tar:///home/massilva/tmp/npm-30412-X7r9-puG/1426814484312-0.04526901780627668/tmp.tgz
84 silly lockFile 9dea3615-4312-0-04526901780627668-tmp-tgz tar:///home/massilva/tmp/npm-30412-X7r9-puG/1426814484312-0.04526901780627668/tmp.tgz
85 verbose tar pack [ '/home/massilva/.npm/cordova/4.3.0/package.tgz',
85 verbose tar pack   '/home/massilva/tmp/npm-30412-X7r9-puG/1426814484312-0.04526901780627668/package' ]
86 verbose tarball /home/massilva/.npm/cordova/4.3.0/package.tgz
87 verbose folder /home/massilva/tmp/npm-30412-X7r9-puG/1426814484312-0.04526901780627668/package
88 silly lockFile 4904b229-4312-0-04526901780627668-package tar:///home/massilva/tmp/npm-30412-X7r9-puG/1426814484312-0.04526901780627668/package
89 verbose lock tar:///home/massilva/tmp/npm-30412-X7r9-puG/1426814484312-0.04526901780627668/package /home/massilva/.npm/4904b229-4312-0-04526901780627668-package.lock
90 silly lockFile c4c7a3fc-va-npm-cordova-4-3-0-package-tgz tar:///home/massilva/.npm/cordova/4.3.0/package.tgz
91 verbose lock tar:///home/massilva/.npm/cordova/4.3.0/package.tgz /home/massilva/.npm/c4c7a3fc-va-npm-cordova-4-3-0-package-tgz.lock
92 silly lockFile 4904b229-4312-0-04526901780627668-package tar:///home/massilva/tmp/npm-30412-X7r9-puG/1426814484312-0.04526901780627668/package
93 silly lockFile 4904b229-4312-0-04526901780627668-package tar:///home/massilva/tmp/npm-30412-X7r9-puG/1426814484312-0.04526901780627668/package
94 silly lockFile c4c7a3fc-va-npm-cordova-4-3-0-package-tgz tar:///home/massilva/.npm/cordova/4.3.0/package.tgz
95 silly lockFile c4c7a3fc-va-npm-cordova-4-3-0-package-tgz tar:///home/massilva/.npm/cordova/4.3.0/package.tgz
96 silly lockFile 64f3e510-ssilva-npm-cordova-4-3-0-package /home/massilva/.npm/cordova/4.3.0/package
97 verbose lock /home/massilva/.npm/cordova/4.3.0/package /home/massilva/.npm/64f3e510-ssilva-npm-cordova-4-3-0-package.lock
98 silly lockFile 64f3e510-ssilva-npm-cordova-4-3-0-package /home/massilva/.npm/cordova/4.3.0/package
99 silly lockFile 64f3e510-ssilva-npm-cordova-4-3-0-package /home/massilva/.npm/cordova/4.3.0/package
100 verbose tar unpack /home/massilva/.npm/cordova/4.3.0/package.tgz
101 silly lockFile c0a157da-ssilva-npm-cordova-4-3-0-package tar:///home/massilva/.npm/cordova/4.3.0/package
102 verbose lock tar:///home/massilva/.npm/cordova/4.3.0/package /home/massilva/.npm/c0a157da-ssilva-npm-cordova-4-3-0-package.lock
103 silly lockFile c4c7a3fc-va-npm-cordova-4-3-0-package-tgz tar:///home/massilva/.npm/cordova/4.3.0/package.tgz
104 verbose lock tar:///home/massilva/.npm/cordova/4.3.0/package.tgz /home/massilva/.npm/c4c7a3fc-va-npm-cordova-4-3-0-package-tgz.lock
105 silly gunzTarPerm modes [ '755', '644' ]
106 silly gunzTarPerm extractEntry package.json
107 silly gunzTarPerm extractEntry .npmignore
108 silly gunzTarPerm extractEntry README.md
109 silly gunzTarPerm extractEntry LICENSE
110 silly gunzTarPerm extractEntry Gruntfile.js
111 silly gunzTarPerm extractEntry cordova.js
112 silly gunzTarPerm extractEntry src/cli.js
113 silly gunzTarPerm extractEntry src/create.js
114 silly gunzTarPerm extractEntry src/help.js
115 silly gunzTarPerm extractEntry .travis.yml
116 silly gunzTarPerm extractEntry appveyor.yml
117 silly gunzTarPerm extractEntry bin/cordova
118 silly gunzTarPerm extractEntry bin/cordova.cmd
119 silly gunzTarPerm extractEntry CONTRIBUTING.md
120 silly gunzTarPerm extractEntry doc/it/bash.md
121 silly gunzTarPerm extractEntry doc/bash.md
122 silly gunzTarPerm extractEntry doc/compile.txt
123 silly gunzTarPerm extractEntry doc/cordova.txt
124 silly gunzTarPerm extractEntry doc/create.txt
125 silly gunzTarPerm extractEntry doc/de/bash.md
126 silly gunzTarPerm extractEntry doc/emulate.txt
127 silly gunzTarPerm extractEntry doc/es/bash.md
128 silly gunzTarPerm extractEntry doc/fr/bash.md
129 silly gunzTarPerm extractEntry doc/help.txt
130 silly gunzTarPerm extractEntry doc/info.txt
131 silly gunzTarPerm extractEntry doc/build.txt
132 silly gunzTarPerm extractEntry doc/ja/bash.md
133 silly gunzTarPerm extractEntry doc/ko/bash.md
134 silly gunzTarPerm extractEntry doc/pl/bash.md
135 silly gunzTarPerm extractEntry doc/platform.txt
136 silly gunzTarPerm extractEntry doc/plugin.txt
137 silly gunzTarPerm extractEntry doc/prepare.txt
138 silly gunzTarPerm extractEntry doc/ru/bash.md
139 silly gunzTarPerm extractEntry doc/run.txt
140 silly gunzTarPerm extractEntry doc/serve.txt
141 silly gunzTarPerm extractEntry doc/zh/bash.md
142 silly gunzTarPerm extractEntry NOTICE
143 silly gunzTarPerm extractEntry scripts/cordova.completion
144 silly gunzTarPerm extractEntry RELEASENOTES.md
145 silly lockFile c0a157da-ssilva-npm-cordova-4-3-0-package tar:///home/massilva/.npm/cordova/4.3.0/package
146 silly lockFile c0a157da-ssilva-npm-cordova-4-3-0-package tar:///home/massilva/.npm/cordova/4.3.0/package
147 silly lockFile c4c7a3fc-va-npm-cordova-4-3-0-package-tgz tar:///home/massilva/.npm/cordova/4.3.0/package.tgz
148 silly lockFile c4c7a3fc-va-npm-cordova-4-3-0-package-tgz tar:///home/massilva/.npm/cordova/4.3.0/package.tgz
149 verbose chmod /home/massilva/.npm/cordova/4.3.0/package.tgz 644
150 verbose chown /home/massilva/.npm/cordova/4.3.0/package.tgz [ 1000, 1000 ]
151 silly lockFile c4c2f9fa-js-org-cordova-cordova-4-3-0-tgz https://registry.npmjs.org/cordova/-/cordova-4.3.0.tgz
152 silly lockFile c4c2f9fa-js-org-cordova-cordova-4-3-0-tgz https://registry.npmjs.org/cordova/-/cordova-4.3.0.tgz
153 silly lockFile 9ec5c886-cordova-4-3-0 cordova@4.3.0
154 silly lockFile 9ec5c886-cordova-4-3-0 cordova@4.3.0
155 silly lockFile de8d9fad-cordova cordova@
156 silly lockFile de8d9fad-cordova cordova@
157 silly resolved [ { name: 'cordova',
157 silly resolved     version: '4.3.0',
157 silly resolved     preferGlobal: 'true',
157 silly resolved     description: 'Cordova command line interface tool',
157 silly resolved     main: 'cordova',
157 silly resolved     engines: { node: '>=0.9.9' },
157 silly resolved     engineStrict: true,
157 silly resolved     bin: { cordova: './bin/cordova' },
157 silly resolved     scripts:
157 silly resolved      { test: 'node node_modules/jasmine-node/bin/jasmine-node --captureExceptions --color spec',
157 silly resolved        cover: 'node node_modules/istanbul/lib/cli.js cover --root src --print detail node_modules/jasmine-node/bin/jasmine-node -- spec' },
157 silly resolved     repository:
157 silly resolved      { type: 'git',
157 silly resolved        url: 'https://git-wip-us.apache.org/repos/asf/cordova-cli.git' },
157 silly resolved     bugs:
157 silly resolved      { url: 'https://issues.apache.org/jira/browse/CB',
157 silly resolved        email: 'dev@cordova.apache.org' },
157 silly resolved     keywords: [ 'cordova', 'client', 'cli' ],
157 silly resolved     dependencies:
157 silly resolved      { 'cordova-lib': '4.3.0',
157 silly resolved        q: '1.0.1',
157 silly resolved        nopt: '3.0.1',
157 silly resolved        underscore: '1.7.0' },
157 silly resolved     devDependencies:
157 silly resolved      { istanbul: '^0.3.4',
157 silly resolved        grunt: '0.4.5',
157 silly resolved        'grunt-retire': '0.3.7',
157 silly resolved        'jasmine-node': '1.14.5' },
157 silly resolved     author: { name: 'Anis Kadri' },
157 silly resolved     contributors:
157 silly resolved      [ [Object],
157 silly resolved        [Object],
157 silly resolved        [Object],
157 silly resolved        [Object],
157 silly resolved        [Object],
157 silly resolved        [Object],
157 silly resolved        [Object],
157 silly resolved        [Object],
157 silly resolved        [Object],
157 silly resolved        [Object],
157 silly resolved        [Object],
157 silly resolved        [Object],
157 silly resolved        [Object],
157 silly resolved        [Object],
157 silly resolved        [Object],
157 silly resolved        [Object],
157 silly resolved        [Object],
157 silly resolved        [Object],
157 silly resolved        [Object],
157 silly resolved        [Object],
157 silly resolved        [Object],
157 silly resolved        [Object],
157 silly resolved        [Object],
157 silly resolved        [Object] ],
157 silly resolved     license: 'Apache version 2.0',
157 silly resolved     readme: '<!--\n#\n# Licensed to the Apache Software Foundation (ASF) under one\n# or more contributor license agreements.  See the NOTICE file\n# distributed with this work for additional information\n# regarding copyright ownership.  The ASF licenses this file\n# to you under the Apache License, Version 2.0 (the\n# "License"); you may not use this file except in compliance\n# with the License.  You may obtain a copy of the License at\n#\n# http://www.apache.org/licenses/LICENSE-2.0\n#\n# Unless required by applicable law or agreed to in writing,\n# software distributed under the License is distributed on an\n# "AS IS" BASIS, WITHOUT WARRANTIES OR CONDITIONS OF ANY\n#  KIND, either express or implied.  See the License for the\n# specific language governing permissions and limitations\n# under the License.\n#\n-->\n\n# cordova-cli\n\n> The command line tool to build, deploy and manage [Cordova](http://cordova.io)-based applications.\n\n[Apache Cordova](http://cordova.io) allows for building native mobile applications using HTML, CSS and JavaScript. This tool helps with management of multi-platform Cordova applications as well as Cordova plugin integration.\n\nCheck out the [Getting Started guides](http://cordova.apache.org/docs/en/edge/) for more details on how to work with Cordova sub-projects.\n\n# Supported Cordova Platforms\n\n- Amazon Fire OS\n- Android\n- BlackBerry 10\n- iOS\n- Ubuntu\n- Windows Phone 8\n- Windows 8\n\n# Requirements\n\n* [Node.js](http://nodejs.org/)\n* SDKs for each platform you wish to support:\n  - **Android**: [Android SDK](http://developer.android.com) - **NOTE** This tool\n    will not work unless you have the absolute latest updates for all\n    Android SDK components. Also you will need the SDK\'s `tools` and `platform-tools` directories on your __system path__ otherwise Android support will fail.\n  - **amazon-fireos**: [Amazon Fire OS SDK](https://developer.amazon.com/public/solutions/platforms/android-fireos/docs/building-and-testing-your-hybrid-app) - **NOTE** This tool will not work unless you have Android SDK installed and paths are updated as mentioned above. In addition you need to install AmazonWebView SDK and copy awv_interface.jar on **Mac/Linux** system to ~/.cordova/lib/commonlibs folder or on **Windows** %USERPROFILE%/.cordova/lib/coomonlibs. If commonlibs folder does not exist then create one.\n  - [Windows Phone SDK](http://dev.windowsphone.com/en-us/downloadsdk) - **NOTE** This tool will not work unless you have `msbuild` on your __system path__ otherwise Windows Phone support will fail (`msbuild.exe` is generally located in `C:\\Windows\\Microsoft.NET\\Framework\\v4.0.30319`).\n  - **BlackBerry 10**: [BlackBerry 10 WebWorks SDK](http://developer.blackberry.com/html5/download/). Make sure you have the `dependencies/tools/bin` folder inside the SDK directory added to your path!\n  - **iOS**: [iOS SDK](http://developer.apple.com) with the latest `Xcode` and `Xcode Command Line Tools`\n  - **Windows Phone**: [Windows Phone SDK](http://dev.windowsphone.com/en-us/downloadsdk) - **NOTE** This tool will not work unless you have `msbuild` on your __system path__ otherwise Windows Phone support will fail (`msbuild.exe` is generally located in `C:\\Windows\\Microsoft.NET\\Framework\\v4.0.30319`).\n\n`cordova-cli` has been tested on **Mac OS X**, **Linux**, **Windows 7**, and **Windows 8**.\n\nPlease note that some platforms have OS restrictions.  For example, you cannot build for Windows 8 or Windows Phone 8 on Mac OS X, nor can you build for iOS on Windows.\n\n# Install\n\nUbuntu packages are available in a PPA for Ubuntu 13.10 (Saucy) (the current release) as well as 14.04 (Trusty) (under development).\n\n    sudo apt-add-repository ppa:cordova-ubuntu/ppa\n    sudo apt-get update\n    sudo apt-get install cordova-cli\n    npm install -g cordova\n\nTo build an application for the Ubuntu platform, the following extra packages are required:\n\n    sudo apt-get install cmake debhelper libx11-dev libicu-dev pkg-config qtbase5-dev qtchooser qtdeclarative5-dev qtfeedback5-dev qtlocation5-dev qtmultimedia5-dev qtpim5-dev qtsensors5-dev qtsystems5-dev\n\n\n## Installing from master\n\nYou\'ll need to install both [CLI](https://git-wip-us.apache.org/repos/asf/cordova-cli.git) and [Plugman](https://git-wip-us.apache.org/repos/asf/cordova-plugman.git) from `git`. Running the *npm version* of one and *(git) master version* of the other is likely to end with you suffering.\n\nTo avoid using sudo, see [Get away from sudo: npm without root](http://justjs.com/posts/npm-link-developing-your-own-npm-modules-without-tears).\n\nRun the following commands:\n\n    git clone https://git-wip-us.apache.org/repos/asf/cordova-plugman.git\n    cd cordova-plugman\n    npm install\n    sudo npm link\n    cd ..\n    git clone https://git-wip-us.apache.org/repos/asf/cordova-cli.git\n    cd cordova-cli\n    npm install\n    sudo npm link\n    npm link plugman\n\nNow the `cordova` and `plugman` in your path are the local git versions. Don\'t forget to keep them up to date!\n\n## Installing on Ubuntu\n\n    apt-get install cordova-cli\n\n\n# Getting Started\n\n`cordova-cli` has a single global `create` command that creates new Cordova projects into a specified directory. Once you create a project, `cd` into it and you can execute a variety of project-level commands. Completely inspired by git\'s interface.\n\n## Global Commands\n\n- `help` display a help page with all available commands\n- `create <directory> [<id> [<name>]]` create a new Cordova project with optional name and id (package name, reverse-domain style)\n\n<a name="project_commands" />\n## Project Commands\n\n- `platform [ls | list]` list all platforms for which the project will build\n- `platform add <platform> [<platform> ...]` add one (or more) platforms as a build target for the project\n- `platform [rm | remove] <platform> [<platform> ...]` removes one (or more) platform build targets from the project\n- `platform [up | update] <platform> ` - updates the Cordova version used for the given platform\n- `plugin [ls | list]` list all plugins included in the project\n- `plugin add <path-to-plugin> [<path-to-plugin> ...]` add one (or more) plugins to the project\n- `plugin [rm | remove] <plugin-name> [<plugin-name> ...]` remove one (or more) plugins from the project.\n- `plugin search [<keyword1> <keyword2> ...]` search the plugin registry for plugins matching the list of keywords\n- `prepare [platform...]` copies files into the specified platforms, or all platforms. It is then ready for building by `Eclipse`, `Xcode`, etc.\n- `compile [platform...]` compiles the app into a binary for each targetted platform. With no parameters, builds for all platforms, otherwise builds for the specified platforms.\n- `build [<platform> [<platform> [...]]]` an alias for `cordova prepare` followed by `cordova compile`\n- `emulate [<platform> [<platform> [...]]]` launch emulators and deploy app to them. With no parameters emulates for all platforms added to the project, otherwise emulates for the specified platforms\n- `serve [port]` launch a local web server allowing you to access each  platform\'s www directory on the given port (default 8000).\n\n### Optional Flags\n\n- `-d` or `--verbose` will pipe out more verbose output to your shell. You can also subscribe to `log` and `warn` events if you are consuming `cordova-cli` as a node module by calling `cordova.on(\'log\', function() {})` or `cordova.on(\'warn\', function() {})`.\n- `-v` or `--version` will print out the version of your `cordova-cli` install.\n\n# Project Directory Structure\nA Cordova application built with `cordova-cli` will have the following directory structure:\n\n    myApp/\n    |-- config.xml\n    |-- hooks/\n    |-- merges/\n    | | |-- android/\n    | | |-- blackberry10/\n    | | `-- ios/\n    |-- www/\n    |-- platforms/\n    | |-- android/\n    | |-- blackberry10/\n    | `-- ios/\n    `-- plugins/\n\n## hooks/\nThis directory may contains scripts used to customize cordova-cli commands. This\ndirectory used to exist at `.cordova/hooks`, but has now been moved to the\nproject root. Any scripts you add to these directories will be executed before\nand after the commands corresponding to the directory name. Useful for\nintegrating your own build systems or integrating with version control systems.\n\nRefer to [hooks-README.md](https://github.com/apache/cordova-lib/blob/master/cordova-lib/templates/hooks-README.md) for more information.\n\n## merges/\nPlatform-specific web assets (HTML, CSS and JavaScript files) are contained within appropriate subfolders in this directory. These are deployed during a `prepare` to the appropriate native directory.  Files placed under `merges/` will override matching files in the `www/` folder for the relevant platform. A quick example, assuming a project structure of:\n\n    merges/\n    |-- ios/\n    | `-- app.js\n    |-- android/\n    | `-- android.js\n    www/\n    `-- app.js\n\nAfter building the Android and iOS projects, the Android application will contain both `app.js` and `android.js`. However, the iOS application will only contain an `app.js`, and it will be the one from `merges/ios/app.js`, overriding the "common" `app.js` located inside `www/`.\n\n## www/\n\nContains the project\'s web artifacts, such as .html, .css and .js files. These are your main application assets. They will be copied on a `cordova prepare` to each platform\'s www directory.\n\n### Your Blanket: config.xml\n\nThis file is what you should be editing to modify your application\'s metadata. Any time you run any cordova-cli commands, the tool will look at the contents of `config.xml` and use all relevant info from this file to define native application information. cordova-cli supports changing your application\'s data via the following elements inside the `config.xml` file:\n\n- The user-facing name can be modified via the contents of the `<name>` element.\n- The package name (AKA bundle identifier or application id) can be modified via the `id` attribute from the top-level `<widget>` element.\n- The version can be modified via the `version` attribute from the top-level `<widget>` element.\n- The whitelist can be modified using the `<access>` elements. Make sure the `origin` attribute of your `<access>` element points to a valid URL (you can use `*` as wildcard). For more information on the whitelisting syntax, see the [docs.phonegap.com](http://docs.phonegap.com/en/2.2.0/guide_whitelist_index.md.html#Domain%20Whitelist%20Guide). You can use either attribute `uri` ([BlackBerry-proprietary](https://developer.blackberry.com/html5/documentation/access_element_834677_11.html)) or `origin` ([standards-compliant](http://www.w3.org/TR/widgets-access/#attributes)) to denote the domain.\n- Platform-specific preferences can be customized via `<preference>` tags. See [docs.phonegap.com](http://docs.phonegap.com/en/2.3.0/guide_project-settings_index.md.html#Project%20Settings) for a list of preferences you can use.\n- The entry/start page for your application can be defined via the `<content src>` element + attribute.\n\n## platforms/\nPlatforms added to your application will have the native application project structures laid out within this directory.\n\n## plugins/\nAny added plugins will be extracted or copied into this directory.\n\n# Hooks\n\nProjects created by cordova-cli have `before` and `after` hooks for each [project command](#project_commands).\n\nThere are two types of hooks: project-specific ones and module-level ones. Both of these types of hooks receive the project root folder as a parameter.\n\n## Project-specific Hooks\n\nThese are located under the `hooks` directory in the root of your Cordova project. Any scripts you add to these directories will be executed before and after the appropriate commands. Useful for integrating your own build systems or integrating with version control systems. __Remember__: make your scripts executable.\n\n### Examples\n\n- [`before_build` hook for jade template compiling](https://gist.github.com/4100866) courtesy of [dpogue](http://github.com/dpogue)\n\n## Module-level Hooks\n\nIf you are using cordova-cli as a module within a larger **Node** application, you can also use the standard `EventEmitter` methods to attach to the events. The events include `before_build`, `before_compile`, `before_docs`, `before_emulate`, `before_run`, `before_platform_add`, `before_library_download`, `before_platform_ls`, `before_platform_rm`, `before_plugin_add`, `before_plugin_ls`, `before_plugin_rm` and `before_prepare`. There is also a `library_download` progress event. Additionally, there are `after_` flavours of all the above events.\n\nOnce you `require(\'cordova\')` in your Node project, you will have the usual `EventEmitter` methods available (`on`, `off` or `removeListener`, `removeAllListeners`, and `emit` or `trigger`).\n\n# Examples\n\n## Creating a new Cordova project\nThis example shows how to create a project from scratch named KewlApp with iOS and Android platform support, and includes a plugin named Kewlio. The project will live in ~/KewlApp\n\n    cordova create ~/KewlApp KewlApp\n    cd ~/KewlApp\n    cordova platform add ios android\n    cordova plugin add http://example.org/Kewlio-1.2.3.tar.gz\n    cordova build\n\nThe directory structure of KewlApp now looks like this:\n\n    KewlApp/\n    |-- hooks/\n    |-- merges/\n    | |-- android/\n    | `-- ios/\n    |-- www/\n    | `-- index.html\n    |-- platforms/\n    | |-- android/\n    | | `-- …\n    | `-- ios/\n    |   `-- …\n    `-- plugins/\n      `-- Kewlio/\n\n# Contributing\n\n## Running Tests\n\n    npm test\n\n## Get test coverage reports\n\n    npm run cover\n\n## TO-DO + Issues\n\nPlease check [Cordova issues with the CLI Component](http://issues.cordova.io). If you find issues with this tool, please be so kind as to include relevant information needed to debug issues such as:\n\n- Your operating system and version\n- The application name, directory location, and identifier used with `create`\n- Which mobile SDKs you have installed, and their versions. Related to this: which `Xcode` version if you are submitting issues related to iOS\n- Any error stack traces you received\n\n## Contributors\n\nThanks to everyone for contributing! For a list of people involved, please see the `package.json` file.\n\n\n# Known Issues and Troubleshooting\n\n## Any OS\n\n### Proxy Settings\n\n`cordova-cli` will use `npm`\'s proxy settings. If you downloaded cordova-cli via `npm` and are behind a proxy, chances are cordova-cli should work for you as it will use those settings in the first place. Make sure that the `https-proxy` and `proxy` npm config variables are set properly. See [npm\'s configuration documentation](https://npmjs.org/doc/config.html) for more information.\n\n## Windows\n\n### Trouble Adding Android as a Platform\n\nWhen trying to add a platform on a Windows machine if you run into the following error message:\n    Cordova library for "android" already exists. No need to download. Continuing.\n    Checking if platform "android" passes minimum requirements...\n    Checking Android requirements...\n    Running "android list target" (output to follow)\n\n    Error: The command `android` failed. Make sure you have the latest Android SDK installed, and the `android` command (inside the tools/ folder) added t\n    o your path. Output:\n    at C:\\Users\\me\\AppData\\Roaming\\npm\\node_modules\\cordova\\src\\platform.js:185:42\n    at C:\\Users\\me\\AppData\\Roaming\\npm\\node_modules\\cordova\\src\\metadata\\android_parser.js:50:13\n    at C:\\Users\\me\\AppData\\Roaming\\npm\\node_modules\\cordova\\node_modules\\shelljs\\shell.js:1707:7\n    at exithandler (child_process.js:633:7)\n    at ChildProcess.errorhandler (child_process.js:649:5)\n    at ChildProcess.EventEmitter.emit (events.js:95:17)\n    at Process.ChildProcess._handle.onexit (child_process.js:787:12)\n\nrun the command `android list target`.  If you see:\n\n    \'xcopy\' is not recognized as an internal or external command,\n    operable program or batch file.\n\nat the beginning of the command output, it means you will need to fix your Windows Path variable to include xcopy. This location is typically under C:\\Windows\\System32.\n\n## Windows 8\n\nWindows 8 support does not include the ability to launch/run/emulate, so you will need to open **Visual Studio** to see your app live.  You are still able to use the following commands with windows8:\n\n- `platform add windows8`\n- `platform remove windows8`\n- `prepare windows8`\n- `compile windows8`\n- `build windows8`\n\nTo run your app, you will need to open the `.sln` in the `platforms/windows8` folder using **Visual Studio 2012**.\n\n**Visual Studio** will tell you to reload the project if you run any of the above commands while the project is loaded.\n\n## Amazon Fire OS\n\nAmazon Fire OS does not include the ability to emulate. You are still able to use the following commands with Amazon Fire OS\n\n- `platform add amazon-fireos`\n- `platform remove amazon-fireos`\n- `prepare amazon-fireos`\n- `compile amazon-fireos`\n- `build amazon-fireos`\n\n## Ubuntu\n\nThe initial release of cordova-ubuntu does not support building applications for armhf devices automatically. It is possible to produce applications and click packages in a few steps though.\n\nThis bug report documents the issue and solutions for it: https://bugs.launchpad.net/ubuntu/+source/cordova-ubuntu/+bug/1260500 A future release will let developers cross-compile armhf click packages directly from an x86 desktop.\n\n## Firefox OS\n\nFirefox OS does not include the ability to emulate, run and serve. After building, you will have to open the firefoxos platform directory of your app in the App Manager that comes with every firefox browser. \n',
157 silly resolved     readmeFilename: 'README.md',
157 silly resolved     _id: 'cordova@4.3.0',
157 silly resolved     dist: { shasum: 'affdb402b4605a3f2448f26a089e3945d273a057' },
157 silly resolved     _from: 'cordova@',
157 silly resolved     _resolved: 'https://registry.npmjs.org/cordova/-/cordova-4.3.0.tgz' } ]
158 info install cordova@4.3.0 into /usr/local/lib
159 info installOne cordova@4.3.0
160 info /usr/local/lib/node_modules/cordova unbuild
161 verbose tar unpack /home/massilva/.npm/cordova/4.3.0/package.tgz
162 silly lockFile 9557e84b-r-local-lib-node-modules-cordova tar:///usr/local/lib/node_modules/cordova
163 verbose lock tar:///usr/local/lib/node_modules/cordova /home/massilva/.npm/9557e84b-r-local-lib-node-modules-cordova.lock
164 silly lockFile c4c7a3fc-va-npm-cordova-4-3-0-package-tgz tar:///home/massilva/.npm/cordova/4.3.0/package.tgz
165 verbose lock tar:///home/massilva/.npm/cordova/4.3.0/package.tgz /home/massilva/.npm/c4c7a3fc-va-npm-cordova-4-3-0-package-tgz.lock
166 silly gunzTarPerm modes [ '755', '644' ]
167 error Error: EACCES, mkdir '/usr/local/lib/node_modules/cordova'
167 error  { [Error: EACCES, mkdir '/usr/local/lib/node_modules/cordova']
167 error   errno: 3,
167 error   code: 'EACCES',
167 error   path: '/usr/local/lib/node_modules/cordova',
167 error   fstream_type: 'Directory',
167 error   fstream_path: '/usr/local/lib/node_modules/cordova',
167 error   fstream_class: 'DirWriter',
167 error   fstream_stack:
167 error    [ '/usr/lib/nodejs/fstream/lib/dir-writer.js:36:23',
167 error      '/usr/lib/nodejs/mkdirp/index.js:37:53',
167 error      'Object.oncomplete (fs.js:107:15)' ] }
168 error Please try running this command again as root/Administrator.
169 error System Linux 3.13.0-46-generic
170 error command "/usr/bin/nodejs" "/usr/bin/npm" "install" "-g" "cordova"
171 error cwd /home/massilva/Dropbox/Aulas/Computação Visual
172 error node -v v0.10.25
173 error npm -v 1.3.10
174 error path /usr/local/lib/node_modules/cordova
175 error fstream_path /usr/local/lib/node_modules/cordova
176 error fstream_type Directory
177 error fstream_class DirWriter
178 error code EACCES
179 error errno 3
180 error stack Error: EACCES, mkdir '/usr/local/lib/node_modules/cordova'
181 error fstream_stack /usr/lib/nodejs/fstream/lib/dir-writer.js:36:23
181 error fstream_stack /usr/lib/nodejs/mkdirp/index.js:37:53
181 error fstream_stack Object.oncomplete (fs.js:107:15)
182 verbose exit [ 3, true ]
